TN:
SF:lib\tui\index.js
FN:16,(anonymous_0)
FN:27,(anonymous_1)
FN:40,(anonymous_2)
FN:56,(anonymous_3)
FN:72,(anonymous_4)
FN:73,(anonymous_5)
FN:74,(anonymous_6)
FN:87,(anonymous_7)
FN:100,(anonymous_8)
FN:109,(anonymous_9)
FN:147,(anonymous_10)
FN:174,(anonymous_11)
FN:185,(anonymous_12)
FN:187,(anonymous_13)
FN:207,createTUI
FNF:15
FNH:0
FNDA:0,(anonymous_0)
FNDA:0,(anonymous_1)
FNDA:0,(anonymous_2)
FNDA:0,(anonymous_3)
FNDA:0,(anonymous_4)
FNDA:0,(anonymous_5)
FNDA:0,(anonymous_6)
FNDA:0,(anonymous_7)
FNDA:0,(anonymous_8)
FNDA:0,(anonymous_9)
FNDA:0,(anonymous_10)
FNDA:0,(anonymous_11)
FNDA:0,(anonymous_12)
FNDA:0,(anonymous_13)
FNDA:0,createTUI
DA:5,0
DA:6,0
DA:7,0
DA:8,0
DA:9,0
DA:10,0
DA:17,0
DA:18,0
DA:19,0
DA:20,0
DA:29,0
DA:30,0
DA:31,0
DA:34,0
DA:37,0
DA:40,0
DA:43,0
DA:46,0
DA:48,0
DA:49,0
DA:57,0
DA:58,0
DA:59,0
DA:60,0
DA:63,0
DA:66,0
DA:69,0
DA:72,0
DA:73,0
DA:74,0
DA:77,0
DA:78,0
DA:79,0
DA:80,0
DA:88,0
DA:101,0
DA:102,0
DA:110,0
DA:112,0
DA:113,0
DA:114,0
DA:117,0
DA:118,0
DA:129,0
DA:130,0
DA:131,0
DA:132,0
DA:136,0
DA:137,0
DA:140,0
DA:148,0
DA:150,0
DA:168,0
DA:175,0
DA:176,0
DA:179,0
DA:187,0
DA:188,0
DA:189,0
DA:193,0
DA:194,0
DA:195,0
DA:197,0
DA:198,0
DA:208,0
DA:209,0
DA:212,0
LF:67
LH:0
BRDA:29,0,0,0
BRDA:29,0,1,0
BRDA:101,1,0,0
BRDA:101,1,1,0
BRDA:110,2,0,0
BRDA:110,2,1,0
BRDA:114,3,0,0
BRDA:114,3,1,0
BRDA:129,4,0,0
BRDA:129,4,1,0
BRDA:131,5,0,0
BRDA:131,5,1,0
BRDA:136,6,0,0
BRDA:136,6,1,0
BRDA:175,7,0,0
BRDA:175,7,1,0
BRDA:188,8,0,0
BRDA:188,8,1,0
BRDA:193,9,0,0
BRDA:193,9,1,0
BRF:20
BRH:0
end_of_record
TN:
SF:lib\tui\input.js
FN:11,(anonymous_0)
FN:21,(anonymous_1)
FN:23,(anonymous_2)
FN:30,(anonymous_3)
FN:39,(anonymous_4)
FN:41,(anonymous_5)
FN:42,(anonymous_6)
FN:43,(anonymous_7)
FN:44,(anonymous_8)
FN:47,(anonymous_9)
FN:48,(anonymous_10)
FN:54,(anonymous_11)
FN:56,(anonymous_12)
FN:57,(anonymous_13)
FN:60,(anonymous_14)
FN:61,(anonymous_15)
FN:64,(anonymous_16)
FN:65,(anonymous_17)
FN:71,(anonymous_18)
FN:73,(anonymous_19)
FN:74,(anonymous_20)
FN:80,(anonymous_21)
FN:82,(anonymous_22)
FN:92,(anonymous_23)
FN:102,(anonymous_24)
FN:112,(anonymous_25)
FN:118,(anonymous_26)
FN:131,(anonymous_27)
FN:142,(anonymous_28)
FN:149,(anonymous_29)
FNF:30
FNH:0
FNDA:0,(anonymous_0)
FNDA:0,(anonymous_1)
FNDA:0,(anonymous_2)
FNDA:0,(anonymous_3)
FNDA:0,(anonymous_4)
FNDA:0,(anonymous_5)
FNDA:0,(anonymous_6)
FNDA:0,(anonymous_7)
FNDA:0,(anonymous_8)
FNDA:0,(anonymous_9)
FNDA:0,(anonymous_10)
FNDA:0,(anonymous_11)
FNDA:0,(anonymous_12)
FNDA:0,(anonymous_13)
FNDA:0,(anonymous_14)
FNDA:0,(anonymous_15)
FNDA:0,(anonymous_16)
FNDA:0,(anonymous_17)
FNDA:0,(anonymous_18)
FNDA:0,(anonymous_19)
FNDA:0,(anonymous_20)
FNDA:0,(anonymous_21)
FNDA:0,(anonymous_22)
FNDA:0,(anonymous_23)
FNDA:0,(anonymous_24)
FNDA:0,(anonymous_25)
FNDA:0,(anonymous_26)
FNDA:0,(anonymous_27)
FNDA:0,(anonymous_28)
FNDA:0,(anonymous_29)
DA:5,0
DA:12,0
DA:13,0
DA:22,0
DA:23,0
DA:24,0
DA:27,0
DA:30,0
DA:31,0
DA:32,0
DA:41,0
DA:42,0
DA:43,0
DA:44,0
DA:47,0
DA:48,0
DA:56,0
DA:57,0
DA:60,0
DA:61,0
DA:64,0
DA:65,0
DA:73,0
DA:74,0
DA:82,0
DA:83,0
DA:84,0
DA:85,0
DA:87,0
DA:92,0
DA:93,0
DA:94,0
DA:95,0
DA:97,0
DA:102,0
DA:103,0
DA:104,0
DA:105,0
DA:107,0
DA:112,0
DA:119,0
DA:120,0
DA:121,0
DA:122,0
DA:132,0
DA:133,0
DA:143,0
DA:150,0
DA:154,0
DA:158,0
LF:50
LH:0
BRDA:22,0,0,0
BRDA:22,0,1,0
BRDA:84,1,0,0
BRDA:84,1,1,0
BRDA:94,2,0,0
BRDA:94,2,1,0
BRDA:104,3,0,0
BRDA:104,3,1,0
BRDA:132,4,0,0
BRDA:132,4,1,0
BRDA:150,5,0,0
BRDA:150,5,1,0
BRF:12
BRH:0
end_of_record
TN:
SF:lib\tui\screen.js
FN:14,(anonymous_0)
FN:23,(anonymous_1)
FN:49,(anonymous_2)
FN:61,(anonymous_3)
FN:63,(anonymous_4)
FN:77,(anonymous_5)
FN:84,(anonymous_6)
FN:93,(anonymous_7)
FN:101,(anonymous_8)
FN:109,(anonymous_9)
FN:117,(anonymous_10)
FN:146,(anonymous_11)
FN:155,(anonymous_12)
FN:167,(anonymous_13)
FNF:14
FNH:9
FNDA:25,(anonymous_0)
FNDA:25,(anonymous_1)
FNDA:0,(anonymous_2)
FNDA:25,(anonymous_3)
FNDA:0,(anonymous_4)
FNDA:0,(anonymous_5)
FNDA:0,(anonymous_6)
FNDA:21,(anonymous_7)
FNDA:22,(anonymous_8)
FNDA:22,(anonymous_9)
FNDA:21,(anonymous_10)
FNDA:0,(anonymous_11)
FNDA:25,(anonymous_12)
FNDA:2,(anonymous_13)
DA:5,25
DA:6,25
DA:15,25
DA:16,25
DA:24,25
DA:26,25
DA:28,0
DA:32,25
DA:46,25
DA:49,25
DA:50,0
DA:53,25
DA:54,25
DA:63,25
DA:64,0
DA:66,0
DA:68,0
DA:71,0
DA:72,0
DA:77,25
DA:78,0
DA:79,0
DA:80,0
DA:84,25
DA:85,0
DA:94,21
DA:102,22
DA:110,22
DA:118,21
DA:119,0
DA:131,21
DA:147,0
DA:148,0
DA:156,25
DA:157,25
DA:158,25
DA:159,25
DA:168,2
DA:173,25
DA:175,25
LF:40
LH:26
BRDA:66,0,0,0
BRDA:66,0,1,0
BRDA:118,1,0,0
BRDA:118,1,1,21
BRDA:147,2,0,0
BRDA:147,2,1,0
BRDA:156,3,0,25
BRDA:156,3,1,0
BRF:8
BRH:2
end_of_record
TN:
SF:lib\tui\state.js
FN:60,(anonymous_0)
FN:69,(anonymous_1)
FN:78,(anonymous_2)
FN:98,(anonymous_3)
FN:118,(anonymous_4)
FN:128,(anonymous_5)
FN:146,(anonymous_6)
FN:147,(anonymous_7)
FN:156,(anonymous_8)
FN:159,(anonymous_9)
FN:160,(anonymous_10)
FN:168,(anonymous_11)
FN:179,(anonymous_12)
FN:186,(anonymous_13)
FN:196,(anonymous_14)
FN:199,(anonymous_15)
FN:210,(anonymous_16)
FN:220,(anonymous_17)
FN:224,(anonymous_18)
FN:244,(anonymous_19)
FNF:20
FNH:19
FNDA:46,(anonymous_0)
FNDA:0,(anonymous_1)
FNDA:164,(anonymous_2)
FNDA:59,(anonymous_3)
FNDA:2,(anonymous_4)
FNDA:11,(anonymous_5)
FNDA:5,(anonymous_6)
FNDA:14,(anonymous_7)
FNDA:3,(anonymous_8)
FNDA:9,(anonymous_9)
FNDA:6,(anonymous_10)
FNDA:3,(anonymous_11)
FNDA:27,(anonymous_12)
FNDA:47,(anonymous_13)
FNDA:4,(anonymous_14)
FNDA:1,(anonymous_15)
FNDA:130,(anonymous_16)
FNDA:4,(anonymous_17)
FNDA:4,(anonymous_18)
FNDA:12,(anonymous_19)
DA:8,46
DA:61,46
DA:62,46
DA:70,0
DA:79,164
DA:80,164
DA:82,164
DA:83,351
DA:84,350
DA:86,1
DA:90,163
DA:99,59
DA:100,59
DA:102,59
DA:103,51
DA:104,51
DA:105,0
DA:107,51
DA:110,59
DA:111,59
DA:119,2
DA:120,2
DA:129,11
DA:130,11
DA:132,11
DA:133,2
DA:135,9
DA:138,11
DA:147,14
DA:148,5
DA:157,3
DA:158,3
DA:159,9
DA:160,6
DA:161,3
DA:169,3
DA:170,3
DA:180,27
DA:187,47
DA:188,47
DA:197,4
DA:199,4
DA:200,1
DA:201,1
DA:202,1
DA:211,130
DA:212,3
DA:221,4
DA:223,4
DA:224,4
DA:225,4
DA:226,2
DA:227,0
DA:229,2
DA:232,2
DA:237,4
DA:245,12
DA:250,46
DA:252,46
LF:59
LH:56
BRDA:83,0,0,350
BRDA:83,0,1,1
BRDA:83,1,0,351
BRDA:83,1,1,350
BRDA:104,2,0,0
BRDA:104,2,1,51
BRDA:104,3,0,51
BRDA:104,3,1,51
BRDA:132,4,0,2
BRDA:132,4,1,9
BRDA:201,5,0,1
BRDA:201,5,1,0
BRDA:223,6,0,4
BRDA:223,6,1,0
BRDA:223,7,0,4
BRDA:223,7,1,4
BRDA:225,8,0,2
BRDA:225,8,1,2
BRDA:226,9,0,0
BRDA:226,9,1,2
BRDA:245,10,0,12
BRDA:245,10,1,12
BRDA:245,10,2,12
BRF:23
BRH:19
end_of_record
TN:
SF:lib\tui\utils.js
FN:13,extractDescription
FN:37,supportsColor
FN:66,formatListItem
FN:94,isValidFile
FN:107,isValidDirectory
FN:121,getMarkdownFiles
FN:158,getSkillDirectories
FN:190,parseMcpJson
FN:198,(anonymous_8)
FN:213,calculateLayout
FNF:10
FNH:10
FNDA:9,extractDescription
FNDA:25,supportsColor
FNDA:4,formatListItem
FNDA:8,isValidFile
FNDA:1,isValidDirectory
FNDA:1,getMarkdownFiles
FNDA:1,getSkillDirectories
FNDA:5,parseMcpJson
FNDA:3,(anonymous_8)
FNDA:22,calculateLayout
DA:5,29
DA:6,29
DA:14,9
DA:15,9
DA:18,8
DA:21,8
DA:22,8
DA:25,7
DA:26,7
DA:27,7
DA:29,1
DA:39,25
DA:40,1
DA:44,24
DA:45,24
DA:46,1
DA:50,23
DA:51,23
DA:55,0
DA:67,4
DA:70,4
DA:71,4
DA:72,4
DA:73,4
DA:75,4
DA:76,4
DA:77,2
DA:78,2
DA:79,0
DA:82,4
DA:83,4
DA:85,0
DA:95,8
DA:96,8
DA:98,0
DA:108,1
DA:109,1
DA:111,0
DA:122,1
DA:124,1
DA:125,1
DA:127,1
DA:128,3
DA:130,3
DA:132,0
DA:133,3
DA:134,3
DA:135,3
DA:137,3
DA:150,1
DA:159,1
DA:161,1
DA:162,1
DA:164,1
DA:165,1
DA:166,1
DA:167,1
DA:169,1
DA:182,1
DA:191,5
DA:192,5
DA:193,5
DA:196,3
DA:198,3
DA:204,2
DA:214,22
DA:215,22
DA:217,22
DA:249,29
LF:69
LH:63
BRDA:22,0,0,1
BRDA:22,0,1,7
BRDA:27,1,0,6
BRDA:27,1,1,1
BRDA:39,2,0,1
BRDA:39,2,1,24
BRDA:39,3,0,25
BRDA:39,3,1,24
BRDA:44,4,0,24
BRDA:44,4,1,0
BRDA:45,5,0,1
BRDA:45,5,1,23
BRDA:45,6,0,24
BRDA:45,6,1,23
BRDA:50,7,0,23
BRDA:50,7,1,0
BRDA:66,8,0,0
BRDA:67,9,0,1
BRDA:67,9,1,3
BRDA:75,10,0,4
BRDA:75,10,1,0
BRDA:76,11,0,2
BRDA:76,11,1,2
BRDA:76,12,0,4
BRDA:76,12,1,2
BRDA:78,13,0,0
BRDA:78,13,1,2
BRDA:82,14,0,4
BRDA:82,14,1,0
BRDA:96,15,0,8
BRDA:96,15,1,6
BRDA:109,16,0,1
BRDA:109,16,1,1
BRDA:121,17,0,0
BRDA:130,18,0,0
BRDA:130,18,1,3
BRDA:133,19,0,3
BRDA:133,19,1,0
BRDA:133,20,0,3
BRDA:133,20,1,3
BRDA:165,21,0,1
BRDA:165,21,1,0
BRDA:173,22,0,1
BRDA:173,22,1,0
BRDA:196,23,0,3
BRDA:196,23,1,0
BRF:46
BRH:34
end_of_record
TN:
SF:lib\tui\pages\base.js
FN:13,(anonymous_0)
FN:24,(anonymous_1)
FN:34,(anonymous_2)
FN:36,(anonymous_3)
FN:51,(anonymous_4)
FN:58,(anonymous_5)
FN:65,(anonymous_6)
FN:75,(anonymous_7)
FN:85,(anonymous_8)
FN:95,(anonymous_9)
FN:105,(anonymous_10)
FN:112,(anonymous_11)
FN:119,(anonymous_12)
FN:126,(anonymous_13)
FNF:14
FNH:7
FNDA:21,(anonymous_0)
FNDA:19,(anonymous_1)
FNDA:40,(anonymous_2)
FNDA:87,(anonymous_3)
FNDA:0,(anonymous_4)
FNDA:0,(anonymous_5)
FNDA:0,(anonymous_6)
FNDA:87,(anonymous_7)
FNDA:0,(anonymous_8)
FNDA:0,(anonymous_9)
FNDA:134,(anonymous_10)
FNDA:0,(anonymous_11)
FNDA:0,(anonymous_12)
FNDA:21,(anonymous_13)
DA:5,21
DA:6,21
DA:7,21
DA:14,21
DA:15,21
DA:16,21
DA:17,21
DA:18,21
DA:25,19
DA:26,19
DA:27,19
DA:28,19
DA:36,40
DA:37,87
DA:38,87
DA:39,87
DA:45,40
DA:52,0
DA:67,0
DA:68,0
DA:76,87
DA:77,87
DA:78,87
DA:79,87
DA:86,0
DA:87,0
DA:88,0
DA:89,0
DA:96,0
DA:97,0
DA:98,0
DA:99,0
DA:106,134
DA:113,0
DA:120,0
DA:127,21
DA:128,21
DA:129,0
DA:134,21
LF:39
LH:25
BRDA:38,0,0,87
BRDA:38,0,1,0
BRDA:38,1,0,87
BRDA:38,1,1,87
BRDA:67,2,0,0
BRDA:67,2,1,0
BRDA:128,3,0,0
BRDA:128,3,1,21
BRF:8
BRH:4
end_of_record
TN:
SF:lib\tui\pages\content-select.js
FN:9,(anonymous_0)
FN:16,(anonymous_1)
FN:25,(anonymous_2)
FN:49,(anonymous_3)
FN:59,(anonymous_4)
FN:66,(anonymous_5)
FN:109,(anonymous_6)
FN:154,(anonymous_7)
FN:160,(anonymous_8)
FN:171,(anonymous_9)
FN:183,(anonymous_10)
FN:191,(anonymous_11)
FN:203,(anonymous_12)
FN:217,(anonymous_13)
FN:224,(anonymous_14)
FN:231,(anonymous_15)
FN:239,(anonymous_16)
FN:253,(anonymous_17)
FN:262,(anonymous_18)
FN:275,(anonymous_19)
FN:279,(anonymous_20)
FN:293,(anonymous_21)
FN:300,(anonymous_22)
FNF:23
FNH:8
FNDA:7,(anonymous_0)
FNDA:7,(anonymous_1)
FNDA:7,(anonymous_2)
FNDA:0,(anonymous_3)
FNDA:7,(anonymous_4)
FNDA:17,(anonymous_5)
FNDA:7,(anonymous_6)
FNDA:7,(anonymous_7)
FNDA:0,(anonymous_8)
FNDA:0,(anonymous_9)
FNDA:0,(anonymous_10)
FNDA:0,(anonymous_11)
FNDA:0,(anonymous_12)
FNDA:0,(anonymous_13)
FNDA:0,(anonymous_14)
FNDA:0,(anonymous_15)
FNDA:0,(anonymous_16)
FNDA:0,(anonymous_17)
FNDA:0,(anonymous_18)
FNDA:0,(anonymous_19)
FNDA:0,(anonymous_20)
FNDA:0,(anonymous_21)
FNDA:24,(anonymous_22)
DA:5,7
DA:6,7
DA:10,7
DA:11,7
DA:12,7
DA:13,7
DA:17,7
DA:18,7
DA:19,7
DA:20,7
DA:21,7
DA:24,7
DA:25,7
DA:26,7
DA:27,7
DA:29,7
DA:42,7
DA:46,7
DA:47,7
DA:48,0
DA:49,0
DA:50,0
DA:56,7
DA:61,7
DA:62,7
DA:63,7
DA:66,7
DA:67,17
DA:68,17
DA:69,17
DA:70,17
DA:72,17
DA:73,17
DA:74,17
DA:75,17
DA:77,17
DA:78,17
DA:79,17
DA:80,17
DA:81,17
DA:82,17
DA:85,17
DA:89,17
DA:104,7
DA:105,7
DA:106,7
DA:110,7
DA:111,7
DA:112,7
DA:113,7
DA:115,7
DA:116,7
DA:118,7
DA:119,7
DA:120,0
DA:122,7
DA:125,7
DA:138,7
DA:139,0
DA:155,7
DA:156,7
DA:159,7
DA:160,7
DA:161,0
DA:162,0
DA:163,0
DA:164,0
DA:165,0
DA:167,0
DA:171,7
DA:172,0
DA:173,0
DA:174,0
DA:175,0
DA:176,0
DA:178,0
DA:183,7
DA:184,0
DA:185,0
DA:186,0
DA:187,0
DA:188,0
DA:191,7
DA:192,0
DA:193,0
DA:194,0
DA:195,0
DA:196,0
DA:198,0
DA:203,7
DA:204,0
DA:205,0
DA:206,0
DA:208,0
DA:209,0
DA:210,0
DA:211,0
DA:216,7
DA:217,7
DA:218,0
DA:219,0
DA:220,0
DA:221,0
DA:224,7
DA:225,0
DA:226,0
DA:227,0
DA:228,0
DA:231,7
DA:232,0
DA:233,0
DA:234,0
DA:239,7
DA:240,0
DA:241,0
DA:242,0
DA:243,0
DA:245,0
DA:246,0
DA:247,0
DA:248,0
DA:249,0
DA:253,7
DA:254,0
DA:255,0
DA:256,0
DA:262,7
DA:263,0
DA:264,0
DA:265,0
DA:266,0
DA:269,0
DA:270,0
DA:275,7
DA:276,0
DA:277,0
DA:279,0
DA:280,0
DA:281,0
DA:282,0
DA:286,0
DA:287,0
DA:288,0
DA:293,7
DA:294,0
DA:295,0
DA:296,0
DA:301,24
DA:306,24
DA:310,7
LF:150
LH:74
BRDA:17,0,0,7
BRDA:17,0,1,0
BRDA:18,1,0,7
BRDA:18,1,1,0
BRDA:19,2,0,7
BRDA:19,2,1,0
BRDA:20,3,0,7
BRDA:20,3,1,0
BRDA:21,4,0,7
BRDA:21,4,1,7
BRDA:36,5,0,7
BRDA:36,5,1,0
BRDA:37,6,0,7
BRDA:37,6,1,0
BRDA:47,7,0,0
BRDA:47,7,1,7
BRDA:50,8,0,0
BRDA:50,8,1,0
BRDA:50,8,2,0
BRDA:69,9,0,17
BRDA:69,9,1,17
BRDA:73,10,0,4
BRDA:73,10,1,13
BRDA:74,11,0,6
BRDA:74,11,1,11
BRDA:75,12,0,6
BRDA:75,12,1,11
BRDA:78,13,0,17
BRDA:78,13,1,0
BRDA:81,14,0,17
BRDA:81,14,1,0
BRDA:82,15,0,0
BRDA:82,15,1,17
BRDA:110,16,0,7
BRDA:110,16,1,0
BRDA:111,17,0,7
BRDA:111,17,1,0
BRDA:112,18,0,7
BRDA:112,18,1,0
BRDA:113,19,0,7
BRDA:113,19,1,7
BRDA:119,20,0,0
BRDA:119,20,1,7
BRDA:138,21,0,0
BRDA:138,21,1,7
BRDA:155,22,0,7
BRDA:155,22,1,0
BRDA:156,23,0,7
BRDA:156,23,1,7
BRDA:159,24,0,7
BRDA:159,24,1,0
BRDA:161,25,0,0
BRDA:161,25,1,0
BRDA:162,26,0,0
BRDA:162,26,1,0
BRDA:164,27,0,0
BRDA:164,27,1,0
BRDA:172,28,0,0
BRDA:172,28,1,0
BRDA:173,29,0,0
BRDA:173,29,1,0
BRDA:175,30,0,0
BRDA:175,30,1,0
BRDA:184,31,0,0
BRDA:184,31,1,0
BRDA:192,32,0,0
BRDA:192,32,1,0
BRDA:195,33,0,0
BRDA:195,33,1,0
BRDA:204,34,0,0
BRDA:204,34,1,0
BRDA:206,35,0,0
BRDA:206,35,1,0
BRDA:208,36,0,0
BRDA:208,36,1,0
BRDA:216,37,0,7
BRDA:216,37,1,0
BRDA:219,38,0,0
BRDA:219,38,1,0
BRDA:226,39,0,0
BRDA:226,39,1,0
BRDA:240,40,0,0
BRDA:240,40,1,0
BRDA:254,41,0,0
BRDA:254,41,1,0
BRDA:263,42,0,0
BRDA:263,42,1,0
BRDA:276,43,0,0
BRDA:276,43,1,0
BRDA:280,44,0,0
BRDA:280,44,1,0
BRDA:281,45,0,0
BRDA:281,45,1,0
BRDA:286,46,0,0
BRDA:286,46,1,0
BRDA:306,47,0,24
BRDA:306,47,1,0
BRF:97
BRH:33
end_of_record
TN:
SF:lib\tui\pages\help.js
FN:8,(anonymous_0)
FN:51,(anonymous_1)
FN:61,(anonymous_2)
FN:75,(anonymous_3)
FN:77,(anonymous_4)
FNF:5
FNH:4
FNDA:2,(anonymous_0)
FNDA:42,(anonymous_1)
FNDA:2,(anonymous_2)
FNDA:2,(anonymous_3)
FNDA:0,(anonymous_4)
DA:5,2
DA:9,2
DA:34,2
DA:51,2
DA:52,42
DA:53,10
DA:55,32
DA:58,2
DA:62,2
DA:77,2
DA:78,0
DA:79,0
DA:81,0
DA:82,0
DA:83,0
DA:84,0
DA:87,0
DA:88,0
DA:94,2
LF:19
LH:11
BRDA:52,0,0,10
BRDA:52,0,1,32
BRDA:79,1,0,0
BRDA:79,1,1,0
BRDA:81,2,0,0
BRDA:81,2,1,0
BRF:6
BRH:2
end_of_record
TN:
SF:lib\tui\pages\index.js
FNF:0
FNH:0
DA:5,0
DA:6,0
DA:7,0
DA:8,0
DA:9,0
DA:11,0
LF:6
LH:0
BRF:0
BRH:0
end_of_record
TN:
SF:lib\tui\pages\summary.js
FN:8,(anonymous_0)
FN:27,(anonymous_1)
FN:52,(anonymous_2)
FN:103,(anonymous_3)
FN:106,(anonymous_4)
FN:123,(anonymous_5)
FN:125,(anonymous_6)
FN:131,(anonymous_7)
FN:135,(anonymous_8)
FN:146,(anonymous_9)
FN:155,(anonymous_10)
FN:162,(anonymous_11)
FNF:12
FNH:7
FNDA:3,(anonymous_0)
FNDA:3,(anonymous_1)
FNDA:8,(anonymous_2)
FNDA:3,(anonymous_3)
FNDA:3,(anonymous_4)
FNDA:3,(anonymous_5)
FNDA:0,(anonymous_6)
FNDA:0,(anonymous_7)
FNDA:0,(anonymous_8)
FNDA:0,(anonymous_9)
FNDA:0,(anonymous_10)
FNDA:3,(anonymous_11)
DA:5,3
DA:10,3
DA:24,3
DA:25,3
DA:27,3
DA:28,3
DA:29,3
DA:31,3
DA:32,3
DA:35,3
DA:48,3
DA:51,3
DA:52,3
DA:53,8
DA:64,8
DA:68,3
DA:69,0
DA:80,0
DA:83,3
DA:88,3
DA:89,0
DA:104,3
DA:105,3
DA:106,3
DA:110,3
DA:125,3
DA:126,0
DA:127,0
DA:131,3
DA:132,0
DA:133,0
DA:135,0
DA:136,0
DA:137,0
DA:138,0
DA:142,0
DA:145,0
DA:146,0
DA:147,0
DA:148,0
DA:150,0
DA:155,3
DA:156,0
DA:157,0
DA:158,0
DA:163,3
DA:168,3
DA:172,3
LF:48
LH:28
BRDA:25,0,0,3
BRDA:25,0,1,0
BRDA:28,1,0,3
BRDA:28,1,1,0
BRDA:31,2,0,3
BRDA:31,2,1,0
BRDA:68,3,0,0
BRDA:68,3,1,3
BRDA:88,4,0,0
BRDA:88,4,1,3
BRDA:104,5,0,3
BRDA:104,5,1,0
BRDA:106,6,0,3
BRDA:106,6,1,0
BRDA:132,7,0,0
BRDA:132,7,1,0
BRDA:136,8,0,0
BRDA:136,8,1,0
BRDA:137,9,0,0
BRDA:137,9,1,0
BRDA:142,10,0,0
BRDA:142,10,1,0
BRDA:147,11,0,0
BRDA:147,11,1,0
BRDA:168,12,0,3
BRDA:168,12,1,0
BRF:26
BRH:8
end_of_record
TN:
SF:lib\tui\pages\type-select.js
FN:8,(anonymous_0)
FN:18,(anonymous_1)
FN:36,(anonymous_2)
FN:59,(anonymous_3)
FN:76,(anonymous_4)
FN:78,(anonymous_5)
FN:86,(anonymous_6)
FN:95,(anonymous_7)
FN:111,(anonymous_8)
FN:121,(anonymous_9)
FNF:10
FNH:5
FNDA:9,(anonymous_0)
FNDA:7,(anonymous_1)
FNDA:21,(anonymous_2)
FNDA:7,(anonymous_3)
FNDA:7,(anonymous_4)
FNDA:0,(anonymous_5)
FNDA:0,(anonymous_6)
FNDA:0,(anonymous_7)
FNDA:0,(anonymous_8)
FNDA:0,(anonymous_9)
DA:5,9
DA:9,9
DA:10,9
DA:11,9
DA:20,7
DA:33,7
DA:34,7
DA:36,7
DA:37,21
DA:38,21
DA:40,21
DA:41,21
DA:42,21
DA:44,21
DA:60,7
DA:61,7
DA:63,7
DA:78,7
DA:79,0
DA:80,0
DA:81,0
DA:82,0
DA:86,7
DA:87,0
DA:88,0
DA:89,0
DA:90,0
DA:95,7
DA:96,0
DA:97,0
DA:98,0
DA:100,0
DA:101,0
DA:103,0
DA:106,0
DA:107,0
DA:111,7
DA:112,0
DA:113,0
DA:114,0
DA:115,0
DA:116,0
DA:121,7
DA:122,0
DA:123,0
DA:124,0
DA:129,9
LF:47
LH:23
BRDA:33,0,0,7
BRDA:33,0,1,0
BRDA:34,1,0,7
BRDA:34,1,1,7
BRDA:40,2,0,1
BRDA:40,2,1,20
BRDA:41,3,0,7
BRDA:41,3,1,14
BRDA:42,4,0,7
BRDA:42,4,1,14
BRDA:60,5,0,7
BRDA:60,5,1,0
BRDA:79,6,0,0
BRDA:79,6,1,0
BRDA:87,7,0,0
BRDA:87,7,1,0
BRDA:97,8,0,0
BRDA:97,8,1,0
BRDA:100,9,0,0
BRDA:100,9,1,0
BRDA:112,10,0,0
BRDA:112,10,1,0
BRDA:113,11,0,0
BRDA:113,11,1,0
BRF:24
BRH:10
end_of_record
